<?xml version="1.0" encoding="UTF-8"?>
<testsuite xmlns:xsi="http://www.w3.org/2001/XMLSchema-instance" xsi:noNamespaceSchemaLocation="https://maven.apache.org/surefire/maven-surefire-plugin/xsd/surefire-test-report-3.0.xsd" version="3.0" name="tek.sdet.framework.runner.TestRunner" time="24.117" tests="9" errors="0" skipped="0" failures="0">
  <properties>
    <property name="java.specification.version" value="17"/>
    <property name="sun.cpu.isalist" value="amd64"/>
    <property name="sun.jnu.encoding" value="Cp1252"/>
    <property name="java.class.path" value="C:\Users\iqbal\eclipse-workspace\tek-bdd-framework\target\test-classes;C:\Users\iqbal\eclipse-workspace\tek-bdd-framework\target\classes;C:\Users\iqbal\.m2\repository\io\cucumber\cucumber-java\7.8.0\cucumber-java-7.8.0.jar;C:\Users\iqbal\.m2\repository\io\cucumber\cucumber-core\7.8.0\cucumber-core-7.8.0.jar;C:\Users\iqbal\.m2\repository\io\cucumber\cucumber-gherkin\7.8.0\cucumber-gherkin-7.8.0.jar;C:\Users\iqbal\.m2\repository\io\cucumber\cucumber-gherkin-messages\7.8.0\cucumber-gherkin-messages-7.8.0.jar;C:\Users\iqbal\.m2\repository\io\cucumber\gherkin\24.0.0\gherkin-24.0.0.jar;C:\Users\iqbal\.m2\repository\io\cucumber\messages\19.1.2\messages-19.1.2.jar;C:\Users\iqbal\.m2\repository\io\cucumber\tag-expressions\4.1.0\tag-expressions-4.1.0.jar;C:\Users\iqbal\.m2\repository\io\cucumber\cucumber-expressions\16.0.0\cucumber-expressions-16.0.0.jar;C:\Users\iqbal\.m2\repository\io\cucumber\datatable\7.8.0\datatable-7.8.0.jar;C:\Users\iqbal\.m2\repository\io\cucumber\cucumber-plugin\7.8.0\cucumber-plugin-7.8.0.jar;C:\Users\iqbal\.m2\repository\io\cucumber\docstring\7.8.0\docstring-7.8.0.jar;C:\Users\iqbal\.m2\repository\io\cucumber\html-formatter\20.1.0\html-formatter-20.1.0.jar;C:\Users\iqbal\.m2\repository\io\cucumber\ci-environment\9.1.0\ci-environment-9.1.0.jar;C:\Users\iqbal\.m2\repository\org\apiguardian\apiguardian-api\1.1.2\apiguardian-api-1.1.2.jar;C:\Users\iqbal\.m2\repository\io\cucumber\cucumber-junit\7.8.0\cucumber-junit-7.8.0.jar;C:\Users\iqbal\.m2\repository\junit\junit\4.13.2\junit-4.13.2.jar;C:\Users\iqbal\.m2\repository\org\hamcrest\hamcrest-core\1.3\hamcrest-core-1.3.jar;C:\Users\iqbal\.m2\repository\org\seleniumhq\selenium\selenium-java\4.4.0\selenium-java-4.4.0.jar;C:\Users\iqbal\.m2\repository\org\seleniumhq\selenium\selenium-api\4.4.0\selenium-api-4.4.0.jar;C:\Users\iqbal\.m2\repository\org\seleniumhq\selenium\selenium-chrome-driver\4.4.0\selenium-chrome-driver-4.4.0.jar;C:\Users\iqbal\.m2\repository\com\google\auto\service\auto-service-annotations\1.0.1\auto-service-annotations-1.0.1.jar;C:\Users\iqbal\.m2\repository\com\google\auto\service\auto-service\1.0.1\auto-service-1.0.1.jar;C:\Users\iqbal\.m2\repository\com\google\auto\auto-common\1.2\auto-common-1.2.jar;C:\Users\iqbal\.m2\repository\com\google\guava\guava\31.1-jre\guava-31.1-jre.jar;C:\Users\iqbal\.m2\repository\com\google\guava\failureaccess\1.0.1\failureaccess-1.0.1.jar;C:\Users\iqbal\.m2\repository\com\google\guava\listenablefuture\9999.0-empty-to-avoid-conflict-with-guava\listenablefuture-9999.0-empty-to-avoid-conflict-with-guava.jar;C:\Users\iqbal\.m2\repository\com\google\code\findbugs\jsr305\3.0.2\jsr305-3.0.2.jar;C:\Users\iqbal\.m2\repository\org\checkerframework\checker-qual\3.12.0\checker-qual-3.12.0.jar;C:\Users\iqbal\.m2\repository\com\google\errorprone\error_prone_annotations\2.11.0\error_prone_annotations-2.11.0.jar;C:\Users\iqbal\.m2\repository\com\google\j2objc\j2objc-annotations\1.3\j2objc-annotations-1.3.jar;C:\Users\iqbal\.m2\repository\org\seleniumhq\selenium\selenium-chromium-driver\4.4.0\selenium-chromium-driver-4.4.0.jar;C:\Users\iqbal\.m2\repository\org\seleniumhq\selenium\selenium-json\4.4.0\selenium-json-4.4.0.jar;C:\Users\iqbal\.m2\repository\org\seleniumhq\selenium\selenium-devtools-v102\4.4.0\selenium-devtools-v102-4.4.0.jar;C:\Users\iqbal\.m2\repository\org\seleniumhq\selenium\selenium-devtools-v103\4.4.0\selenium-devtools-v103-4.4.0.jar;C:\Users\iqbal\.m2\repository\org\seleniumhq\selenium\selenium-devtools-v104\4.4.0\selenium-devtools-v104-4.4.0.jar;C:\Users\iqbal\.m2\repository\org\seleniumhq\selenium\selenium-devtools-v85\4.4.0\selenium-devtools-v85-4.4.0.jar;C:\Users\iqbal\.m2\repository\org\seleniumhq\selenium\selenium-edge-driver\4.4.0\selenium-edge-driver-4.4.0.jar;C:\Users\iqbal\.m2\repository\org\seleniumhq\selenium\selenium-firefox-driver\4.4.0\selenium-firefox-driver-4.4.0.jar;C:\Users\iqbal\.m2\repository\org\seleniumhq\selenium\selenium-ie-driver\4.4.0\selenium-ie-driver-4.4.0.jar;C:\Users\iqbal\.m2\repository\org\seleniumhq\selenium\selenium-opera-driver\4.4.0\selenium-opera-driver-4.4.0.jar;C:\Users\iqbal\.m2\repository\org\seleniumhq\selenium\selenium-remote-driver\4.4.0\selenium-remote-driver-4.4.0.jar;C:\Users\iqbal\.m2\repository\com\beust\jcommander\1.82\jcommander-1.82.jar;C:\Users\iqbal\.m2\repository\io\netty\netty-buffer\4.1.78.Final\netty-buffer-4.1.78.Final.jar;C:\Users\iqbal\.m2\repository\io\netty\netty-codec-http\4.1.78.Final\netty-codec-http-4.1.78.Final.jar;C:\Users\iqbal\.m2\repository\io\netty\netty-codec\4.1.78.Final\netty-codec-4.1.78.Final.jar;C:\Users\iqbal\.m2\repository\io\netty\netty-handler\4.1.78.Final\netty-handler-4.1.78.Final.jar;C:\Users\iqbal\.m2\repository\io\netty\netty-common\4.1.78.Final\netty-common-4.1.78.Final.jar;C:\Users\iqbal\.m2\repository\io\netty\netty-transport-classes-epoll\4.1.78.Final\netty-transport-classes-epoll-4.1.78.Final.jar;C:\Users\iqbal\.m2\repository\io\netty\netty-transport-classes-kqueue\4.1.78.Final\netty-transport-classes-kqueue-4.1.78.Final.jar;C:\Users\iqbal\.m2\repository\io\netty\netty-transport-native-epoll\4.1.78.Final\netty-transport-native-epoll-4.1.78.Final.jar;C:\Users\iqbal\.m2\repository\io\netty\netty-transport-native-kqueue\4.1.78.Final\netty-transport-native-kqueue-4.1.78.Final.jar;C:\Users\iqbal\.m2\repository\io\netty\netty-transport-native-unix-common\4.1.78.Final\netty-transport-native-unix-common-4.1.78.Final.jar;C:\Users\iqbal\.m2\repository\io\netty\netty-transport\4.1.78.Final\netty-transport-4.1.78.Final.jar;C:\Users\iqbal\.m2\repository\io\netty\netty-resolver\4.1.78.Final\netty-resolver-4.1.78.Final.jar;C:\Users\iqbal\.m2\repository\io\opentelemetry\opentelemetry-api\1.16.0\opentelemetry-api-1.16.0.jar;C:\Users\iqbal\.m2\repository\io\opentelemetry\opentelemetry-context\1.16.0\opentelemetry-context-1.16.0.jar;C:\Users\iqbal\.m2\repository\io\opentelemetry\opentelemetry-exporter-logging\1.16.0\opentelemetry-exporter-logging-1.16.0.jar;C:\Users\iqbal\.m2\repository\io\opentelemetry\opentelemetry-sdk-metrics\1.16.0\opentelemetry-sdk-metrics-1.16.0.jar;C:\Users\iqbal\.m2\repository\io\opentelemetry\opentelemetry-sdk-logs\1.16.0-alpha\opentelemetry-sdk-logs-1.16.0-alpha.jar;C:\Users\iqbal\.m2\repository\io\opentelemetry\opentelemetry-sdk-common\1.16.0\opentelemetry-sdk-common-1.16.0.jar;C:\Users\iqbal\.m2\repository\io\opentelemetry\opentelemetry-sdk-extension-autoconfigure-spi\1.16.0\opentelemetry-sdk-extension-autoconfigure-spi-1.16.0.jar;C:\Users\iqbal\.m2\repository\io\opentelemetry\opentelemetry-sdk-extension-autoconfigure\1.16.0-alpha\opentelemetry-sdk-extension-autoconfigure-1.16.0-alpha.jar;C:\Users\iqbal\.m2\repository\io\opentelemetry\opentelemetry-sdk-trace\1.16.0\opentelemetry-sdk-trace-1.16.0.jar;C:\Users\iqbal\.m2\repository\io\opentelemetry\opentelemetry-sdk\1.16.0\opentelemetry-sdk-1.16.0.jar;C:\Users\iqbal\.m2\repository\io\opentelemetry\opentelemetry-semconv\1.16.0-alpha\opentelemetry-semconv-1.16.0-alpha.jar;C:\Users\iqbal\.m2\repository\io\ous\jtoml\2.0.0\jtoml-2.0.0.jar;C:\Users\iqbal\.m2\repository\net\bytebuddy\byte-buddy\1.12.10\byte-buddy-1.12.10.jar;C:\Users\iqbal\.m2\repository\org\apache\commons\commons-exec\1.3\commons-exec-1.3.jar;C:\Users\iqbal\.m2\repository\org\asynchttpclient\async-http-client\2.12.3\async-http-client-2.12.3.jar;C:\Users\iqbal\.m2\repository\org\asynchttpclient\async-http-client-netty-utils\2.12.3\async-http-client-netty-utils-2.12.3.jar;C:\Users\iqbal\.m2\repository\io\netty\netty-codec-socks\4.1.60.Final\netty-codec-socks-4.1.60.Final.jar;C:\Users\iqbal\.m2\repository\io\netty\netty-handler-proxy\4.1.60.Final\netty-handler-proxy-4.1.60.Final.jar;C:\Users\iqbal\.m2\repository\io\netty\netty-transport-native-epoll\4.1.60.Final\netty-transport-native-epoll-4.1.60.Final-linux-x86_64.jar;C:\Users\iqbal\.m2\repository\io\netty\netty-transport-native-kqueue\4.1.60.Final\netty-transport-native-kqueue-4.1.60.Final-osx-x86_64.jar;C:\Users\iqbal\.m2\repository\org\reactivestreams\reactive-streams\1.0.3\reactive-streams-1.0.3.jar;C:\Users\iqbal\.m2\repository\com\typesafe\netty\netty-reactive-streams\2.0.4\netty-reactive-streams-2.0.4.jar;C:\Users\iqbal\.m2\repository\com\sun\activation\jakarta.activation\1.2.2\jakarta.activation-1.2.2.jar;C:\Users\iqbal\.m2\repository\org\seleniumhq\selenium\selenium-http\4.4.0\selenium-http-4.4.0.jar;C:\Users\iqbal\.m2\repository\dev\failsafe\failsafe\3.2.4\failsafe-3.2.4.jar;C:\Users\iqbal\.m2\repository\org\seleniumhq\selenium\selenium-safari-driver\4.4.0\selenium-safari-driver-4.4.0.jar;C:\Users\iqbal\.m2\repository\org\seleniumhq\selenium\selenium-support\4.4.0\selenium-support-4.4.0.jar;C:\Users\iqbal\.m2\repository\io\github\bonigarcia\webdrivermanager\5.3.0\webdrivermanager-5.3.0.jar;C:\Users\iqbal\.m2\repository\org\slf4j\slf4j-api\1.7.36\slf4j-api-1.7.36.jar;C:\Users\iqbal\.m2\repository\com\google\code\gson\gson\2.9.1\gson-2.9.1.jar;C:\Users\iqbal\.m2\repository\com\github\docker-java\docker-java\3.2.13\docker-java-3.2.13.jar;C:\Users\iqbal\.m2\repository\com\github\docker-java\docker-java-core\3.2.13\docker-java-core-3.2.13.jar;C:\Users\iqbal\.m2\repository\com\github\docker-java\docker-java-api\3.2.13\docker-java-api-3.2.13.jar;C:\Users\iqbal\.m2\repository\com\fasterxml\jackson\core\jackson-annotations\2.10.3\jackson-annotations-2.10.3.jar;C:\Users\iqbal\.m2\repository\com\fasterxml\jackson\core\jackson-databind\2.10.3\jackson-databind-2.10.3.jar;C:\Users\iqbal\.m2\repository\com\fasterxml\jackson\core\jackson-core\2.10.3\jackson-core-2.10.3.jar;C:\Users\iqbal\.m2\repository\org\bouncycastle\bcpkix-jdk15on\1.64\bcpkix-jdk15on-1.64.jar;C:\Users\iqbal\.m2\repository\org\bouncycastle\bcprov-jdk15on\1.64\bcprov-jdk15on-1.64.jar;C:\Users\iqbal\.m2\repository\org\slf4j\jcl-over-slf4j\1.7.30\jcl-over-slf4j-1.7.30.jar;C:\Users\iqbal\.m2\repository\com\github\docker-java\docker-java-transport-httpclient5\3.2.13\docker-java-transport-httpclient5-3.2.13.jar;C:\Users\iqbal\.m2\repository\com\github\docker-java\docker-java-transport\3.2.13\docker-java-transport-3.2.13.jar;C:\Users\iqbal\.m2\repository\net\java\dev\jna\jna\5.8.0\jna-5.8.0.jar;C:\Users\iqbal\.m2\repository\org\brotli\dec\0.1.2\dec-0.1.2.jar;C:\Users\iqbal\.m2\repository\org\apache\commons\commons-lang3\3.12.0\commons-lang3-3.12.0.jar;C:\Users\iqbal\.m2\repository\org\apache\httpcomponents\client5\httpclient5\5.1.3\httpclient5-5.1.3.jar;C:\Users\iqbal\.m2\repository\org\apache\httpcomponents\core5\httpcore5\5.1.3\httpcore5-5.1.3.jar;C:\Users\iqbal\.m2\repository\org\apache\httpcomponents\core5\httpcore5-h2\5.1.3\httpcore5-h2-5.1.3.jar;C:\Users\iqbal\.m2\repository\org\apache\poi\poi\5.2.3\poi-5.2.3.jar;C:\Users\iqbal\.m2\repository\commons-codec\commons-codec\1.15\commons-codec-1.15.jar;C:\Users\iqbal\.m2\repository\org\apache\commons\commons-collections4\4.4\commons-collections4-4.4.jar;C:\Users\iqbal\.m2\repository\org\apache\commons\commons-math3\3.6.1\commons-math3-3.6.1.jar;C:\Users\iqbal\.m2\repository\com\zaxxer\SparseBitSet\1.2\SparseBitSet-1.2.jar;C:\Users\iqbal\.m2\repository\org\apache\logging\log4j\log4j-api\2.18.0\log4j-api-2.18.0.jar;C:\Users\iqbal\.m2\repository\org\apache\poi\poi-ooxml\5.2.3\poi-ooxml-5.2.3.jar;C:\Users\iqbal\.m2\repository\org\apache\poi\poi-ooxml-lite\5.2.3\poi-ooxml-lite-5.2.3.jar;C:\Users\iqbal\.m2\repository\org\apache\xmlbeans\xmlbeans\5.1.1\xmlbeans-5.1.1.jar;C:\Users\iqbal\.m2\repository\org\apache\commons\commons-compress\1.21\commons-compress-1.21.jar;C:\Users\iqbal\.m2\repository\com\github\virtuald\curvesapi\1.07\curvesapi-1.07.jar;C:\Users\iqbal\.m2\repository\mysql\mysql-connector-java\8.0.30\mysql-connector-java-8.0.30.jar;C:\Users\iqbal\.m2\repository\com\google\protobuf\protobuf-java\3.19.4\protobuf-java-3.19.4.jar;C:\Users\iqbal\.m2\repository\commons-io\commons-io\2.11.0\commons-io-2.11.0.jar;C:\Users\iqbal\.m2\repository\org\yaml\snakeyaml\1.33\snakeyaml-1.33.jar;C:\Users\iqbal\.m2\repository\log4j\log4j\1.2.17\log4j-1.2.17.jar;C:\Users\iqbal\.m2\repository\net\datafaker\datafaker\1.8.0\datafaker-1.8.0.jar;C:\Users\iqbal\.m2\repository\com\github\mifmif\generex\1.0.2\generex-1.0.2.jar;C:\Users\iqbal\.m2\repository\dk\brics\automaton\automaton\1.11-8\automaton-1.11-8.jar;"/>
    <property name="java.vm.vendor" value="Eclipse Adoptium"/>
    <property name="sun.arch.data.model" value="64"/>
    <property name="user.variant" value=""/>
    <property name="java.vendor.url" value="https://adoptium.net/"/>
    <property name="user.timezone" value="America/New_York"/>
    <property name="os.name" value="Windows 10"/>
    <property name="java.vm.specification.version" value="17"/>
    <property name="sun.java.launcher" value="SUN_STANDARD"/>
    <property name="user.country" value="US"/>
    <property name="sun.boot.library.path" value="C:\Users\iqbal\.p2\pool\plugins\org.eclipse.justj.openjdk.hotspot.jre.full.win32.x86_64_17.0.5.v20221102-0933\jre\bin"/>
    <property name="sun.java.command" value="C:\Users\iqbal\AppData\Local\Temp\surefire5738607917420179574\surefirebooter-20230227171412934_3.jar C:\Users\iqbal\AppData\Local\Temp\surefire5738607917420179574 2023-02-27T17-14-12_641-jvmRun1 surefire-20230227171412934_1tmp surefire_0-20230227171412934_2tmp"/>
    <property name="jdk.debug" value="release"/>
    <property name="surefire.test.class.path" value="C:\Users\iqbal\eclipse-workspace\tek-bdd-framework\target\test-classes;C:\Users\iqbal\eclipse-workspace\tek-bdd-framework\target\classes;C:\Users\iqbal\.m2\repository\io\cucumber\cucumber-java\7.8.0\cucumber-java-7.8.0.jar;C:\Users\iqbal\.m2\repository\io\cucumber\cucumber-core\7.8.0\cucumber-core-7.8.0.jar;C:\Users\iqbal\.m2\repository\io\cucumber\cucumber-gherkin\7.8.0\cucumber-gherkin-7.8.0.jar;C:\Users\iqbal\.m2\repository\io\cucumber\cucumber-gherkin-messages\7.8.0\cucumber-gherkin-messages-7.8.0.jar;C:\Users\iqbal\.m2\repository\io\cucumber\gherkin\24.0.0\gherkin-24.0.0.jar;C:\Users\iqbal\.m2\repository\io\cucumber\messages\19.1.2\messages-19.1.2.jar;C:\Users\iqbal\.m2\repository\io\cucumber\tag-expressions\4.1.0\tag-expressions-4.1.0.jar;C:\Users\iqbal\.m2\repository\io\cucumber\cucumber-expressions\16.0.0\cucumber-expressions-16.0.0.jar;C:\Users\iqbal\.m2\repository\io\cucumber\datatable\7.8.0\datatable-7.8.0.jar;C:\Users\iqbal\.m2\repository\io\cucumber\cucumber-plugin\7.8.0\cucumber-plugin-7.8.0.jar;C:\Users\iqbal\.m2\repository\io\cucumber\docstring\7.8.0\docstring-7.8.0.jar;C:\Users\iqbal\.m2\repository\io\cucumber\html-formatter\20.1.0\html-formatter-20.1.0.jar;C:\Users\iqbal\.m2\repository\io\cucumber\ci-environment\9.1.0\ci-environment-9.1.0.jar;C:\Users\iqbal\.m2\repository\org\apiguardian\apiguardian-api\1.1.2\apiguardian-api-1.1.2.jar;C:\Users\iqbal\.m2\repository\io\cucumber\cucumber-junit\7.8.0\cucumber-junit-7.8.0.jar;C:\Users\iqbal\.m2\repository\junit\junit\4.13.2\junit-4.13.2.jar;C:\Users\iqbal\.m2\repository\org\hamcrest\hamcrest-core\1.3\hamcrest-core-1.3.jar;C:\Users\iqbal\.m2\repository\org\seleniumhq\selenium\selenium-java\4.4.0\selenium-java-4.4.0.jar;C:\Users\iqbal\.m2\repository\org\seleniumhq\selenium\selenium-api\4.4.0\selenium-api-4.4.0.jar;C:\Users\iqbal\.m2\repository\org\seleniumhq\selenium\selenium-chrome-driver\4.4.0\selenium-chrome-driver-4.4.0.jar;C:\Users\iqbal\.m2\repository\com\google\auto\service\auto-service-annotations\1.0.1\auto-service-annotations-1.0.1.jar;C:\Users\iqbal\.m2\repository\com\google\auto\service\auto-service\1.0.1\auto-service-1.0.1.jar;C:\Users\iqbal\.m2\repository\com\google\auto\auto-common\1.2\auto-common-1.2.jar;C:\Users\iqbal\.m2\repository\com\google\guava\guava\31.1-jre\guava-31.1-jre.jar;C:\Users\iqbal\.m2\repository\com\google\guava\failureaccess\1.0.1\failureaccess-1.0.1.jar;C:\Users\iqbal\.m2\repository\com\google\guava\listenablefuture\9999.0-empty-to-avoid-conflict-with-guava\listenablefuture-9999.0-empty-to-avoid-conflict-with-guava.jar;C:\Users\iqbal\.m2\repository\com\google\code\findbugs\jsr305\3.0.2\jsr305-3.0.2.jar;C:\Users\iqbal\.m2\repository\org\checkerframework\checker-qual\3.12.0\checker-qual-3.12.0.jar;C:\Users\iqbal\.m2\repository\com\google\errorprone\error_prone_annotations\2.11.0\error_prone_annotations-2.11.0.jar;C:\Users\iqbal\.m2\repository\com\google\j2objc\j2objc-annotations\1.3\j2objc-annotations-1.3.jar;C:\Users\iqbal\.m2\repository\org\seleniumhq\selenium\selenium-chromium-driver\4.4.0\selenium-chromium-driver-4.4.0.jar;C:\Users\iqbal\.m2\repository\org\seleniumhq\selenium\selenium-json\4.4.0\selenium-json-4.4.0.jar;C:\Users\iqbal\.m2\repository\org\seleniumhq\selenium\selenium-devtools-v102\4.4.0\selenium-devtools-v102-4.4.0.jar;C:\Users\iqbal\.m2\repository\org\seleniumhq\selenium\selenium-devtools-v103\4.4.0\selenium-devtools-v103-4.4.0.jar;C:\Users\iqbal\.m2\repository\org\seleniumhq\selenium\selenium-devtools-v104\4.4.0\selenium-devtools-v104-4.4.0.jar;C:\Users\iqbal\.m2\repository\org\seleniumhq\selenium\selenium-devtools-v85\4.4.0\selenium-devtools-v85-4.4.0.jar;C:\Users\iqbal\.m2\repository\org\seleniumhq\selenium\selenium-edge-driver\4.4.0\selenium-edge-driver-4.4.0.jar;C:\Users\iqbal\.m2\repository\org\seleniumhq\selenium\selenium-firefox-driver\4.4.0\selenium-firefox-driver-4.4.0.jar;C:\Users\iqbal\.m2\repository\org\seleniumhq\selenium\selenium-ie-driver\4.4.0\selenium-ie-driver-4.4.0.jar;C:\Users\iqbal\.m2\repository\org\seleniumhq\selenium\selenium-opera-driver\4.4.0\selenium-opera-driver-4.4.0.jar;C:\Users\iqbal\.m2\repository\org\seleniumhq\selenium\selenium-remote-driver\4.4.0\selenium-remote-driver-4.4.0.jar;C:\Users\iqbal\.m2\repository\com\beust\jcommander\1.82\jcommander-1.82.jar;C:\Users\iqbal\.m2\repository\io\netty\netty-buffer\4.1.78.Final\netty-buffer-4.1.78.Final.jar;C:\Users\iqbal\.m2\repository\io\netty\netty-codec-http\4.1.78.Final\netty-codec-http-4.1.78.Final.jar;C:\Users\iqbal\.m2\repository\io\netty\netty-codec\4.1.78.Final\netty-codec-4.1.78.Final.jar;C:\Users\iqbal\.m2\repository\io\netty\netty-handler\4.1.78.Final\netty-handler-4.1.78.Final.jar;C:\Users\iqbal\.m2\repository\io\netty\netty-common\4.1.78.Final\netty-common-4.1.78.Final.jar;C:\Users\iqbal\.m2\repository\io\netty\netty-transport-classes-epoll\4.1.78.Final\netty-transport-classes-epoll-4.1.78.Final.jar;C:\Users\iqbal\.m2\repository\io\netty\netty-transport-classes-kqueue\4.1.78.Final\netty-transport-classes-kqueue-4.1.78.Final.jar;C:\Users\iqbal\.m2\repository\io\netty\netty-transport-native-epoll\4.1.78.Final\netty-transport-native-epoll-4.1.78.Final.jar;C:\Users\iqbal\.m2\repository\io\netty\netty-transport-native-kqueue\4.1.78.Final\netty-transport-native-kqueue-4.1.78.Final.jar;C:\Users\iqbal\.m2\repository\io\netty\netty-transport-native-unix-common\4.1.78.Final\netty-transport-native-unix-common-4.1.78.Final.jar;C:\Users\iqbal\.m2\repository\io\netty\netty-transport\4.1.78.Final\netty-transport-4.1.78.Final.jar;C:\Users\iqbal\.m2\repository\io\netty\netty-resolver\4.1.78.Final\netty-resolver-4.1.78.Final.jar;C:\Users\iqbal\.m2\repository\io\opentelemetry\opentelemetry-api\1.16.0\opentelemetry-api-1.16.0.jar;C:\Users\iqbal\.m2\repository\io\opentelemetry\opentelemetry-context\1.16.0\opentelemetry-context-1.16.0.jar;C:\Users\iqbal\.m2\repository\io\opentelemetry\opentelemetry-exporter-logging\1.16.0\opentelemetry-exporter-logging-1.16.0.jar;C:\Users\iqbal\.m2\repository\io\opentelemetry\opentelemetry-sdk-metrics\1.16.0\opentelemetry-sdk-metrics-1.16.0.jar;C:\Users\iqbal\.m2\repository\io\opentelemetry\opentelemetry-sdk-logs\1.16.0-alpha\opentelemetry-sdk-logs-1.16.0-alpha.jar;C:\Users\iqbal\.m2\repository\io\opentelemetry\opentelemetry-sdk-common\1.16.0\opentelemetry-sdk-common-1.16.0.jar;C:\Users\iqbal\.m2\repository\io\opentelemetry\opentelemetry-sdk-extension-autoconfigure-spi\1.16.0\opentelemetry-sdk-extension-autoconfigure-spi-1.16.0.jar;C:\Users\iqbal\.m2\repository\io\opentelemetry\opentelemetry-sdk-extension-autoconfigure\1.16.0-alpha\opentelemetry-sdk-extension-autoconfigure-1.16.0-alpha.jar;C:\Users\iqbal\.m2\repository\io\opentelemetry\opentelemetry-sdk-trace\1.16.0\opentelemetry-sdk-trace-1.16.0.jar;C:\Users\iqbal\.m2\repository\io\opentelemetry\opentelemetry-sdk\1.16.0\opentelemetry-sdk-1.16.0.jar;C:\Users\iqbal\.m2\repository\io\opentelemetry\opentelemetry-semconv\1.16.0-alpha\opentelemetry-semconv-1.16.0-alpha.jar;C:\Users\iqbal\.m2\repository\io\ous\jtoml\2.0.0\jtoml-2.0.0.jar;C:\Users\iqbal\.m2\repository\net\bytebuddy\byte-buddy\1.12.10\byte-buddy-1.12.10.jar;C:\Users\iqbal\.m2\repository\org\apache\commons\commons-exec\1.3\commons-exec-1.3.jar;C:\Users\iqbal\.m2\repository\org\asynchttpclient\async-http-client\2.12.3\async-http-client-2.12.3.jar;C:\Users\iqbal\.m2\repository\org\asynchttpclient\async-http-client-netty-utils\2.12.3\async-http-client-netty-utils-2.12.3.jar;C:\Users\iqbal\.m2\repository\io\netty\netty-codec-socks\4.1.60.Final\netty-codec-socks-4.1.60.Final.jar;C:\Users\iqbal\.m2\repository\io\netty\netty-handler-proxy\4.1.60.Final\netty-handler-proxy-4.1.60.Final.jar;C:\Users\iqbal\.m2\repository\io\netty\netty-transport-native-epoll\4.1.60.Final\netty-transport-native-epoll-4.1.60.Final-linux-x86_64.jar;C:\Users\iqbal\.m2\repository\io\netty\netty-transport-native-kqueue\4.1.60.Final\netty-transport-native-kqueue-4.1.60.Final-osx-x86_64.jar;C:\Users\iqbal\.m2\repository\org\reactivestreams\reactive-streams\1.0.3\reactive-streams-1.0.3.jar;C:\Users\iqbal\.m2\repository\com\typesafe\netty\netty-reactive-streams\2.0.4\netty-reactive-streams-2.0.4.jar;C:\Users\iqbal\.m2\repository\com\sun\activation\jakarta.activation\1.2.2\jakarta.activation-1.2.2.jar;C:\Users\iqbal\.m2\repository\org\seleniumhq\selenium\selenium-http\4.4.0\selenium-http-4.4.0.jar;C:\Users\iqbal\.m2\repository\dev\failsafe\failsafe\3.2.4\failsafe-3.2.4.jar;C:\Users\iqbal\.m2\repository\org\seleniumhq\selenium\selenium-safari-driver\4.4.0\selenium-safari-driver-4.4.0.jar;C:\Users\iqbal\.m2\repository\org\seleniumhq\selenium\selenium-support\4.4.0\selenium-support-4.4.0.jar;C:\Users\iqbal\.m2\repository\io\github\bonigarcia\webdrivermanager\5.3.0\webdrivermanager-5.3.0.jar;C:\Users\iqbal\.m2\repository\org\slf4j\slf4j-api\1.7.36\slf4j-api-1.7.36.jar;C:\Users\iqbal\.m2\repository\com\google\code\gson\gson\2.9.1\gson-2.9.1.jar;C:\Users\iqbal\.m2\repository\com\github\docker-java\docker-java\3.2.13\docker-java-3.2.13.jar;C:\Users\iqbal\.m2\repository\com\github\docker-java\docker-java-core\3.2.13\docker-java-core-3.2.13.jar;C:\Users\iqbal\.m2\repository\com\github\docker-java\docker-java-api\3.2.13\docker-java-api-3.2.13.jar;C:\Users\iqbal\.m2\repository\com\fasterxml\jackson\core\jackson-annotations\2.10.3\jackson-annotations-2.10.3.jar;C:\Users\iqbal\.m2\repository\com\fasterxml\jackson\core\jackson-databind\2.10.3\jackson-databind-2.10.3.jar;C:\Users\iqbal\.m2\repository\com\fasterxml\jackson\core\jackson-core\2.10.3\jackson-core-2.10.3.jar;C:\Users\iqbal\.m2\repository\org\bouncycastle\bcpkix-jdk15on\1.64\bcpkix-jdk15on-1.64.jar;C:\Users\iqbal\.m2\repository\org\bouncycastle\bcprov-jdk15on\1.64\bcprov-jdk15on-1.64.jar;C:\Users\iqbal\.m2\repository\org\slf4j\jcl-over-slf4j\1.7.30\jcl-over-slf4j-1.7.30.jar;C:\Users\iqbal\.m2\repository\com\github\docker-java\docker-java-transport-httpclient5\3.2.13\docker-java-transport-httpclient5-3.2.13.jar;C:\Users\iqbal\.m2\repository\com\github\docker-java\docker-java-transport\3.2.13\docker-java-transport-3.2.13.jar;C:\Users\iqbal\.m2\repository\net\java\dev\jna\jna\5.8.0\jna-5.8.0.jar;C:\Users\iqbal\.m2\repository\org\brotli\dec\0.1.2\dec-0.1.2.jar;C:\Users\iqbal\.m2\repository\org\apache\commons\commons-lang3\3.12.0\commons-lang3-3.12.0.jar;C:\Users\iqbal\.m2\repository\org\apache\httpcomponents\client5\httpclient5\5.1.3\httpclient5-5.1.3.jar;C:\Users\iqbal\.m2\repository\org\apache\httpcomponents\core5\httpcore5\5.1.3\httpcore5-5.1.3.jar;C:\Users\iqbal\.m2\repository\org\apache\httpcomponents\core5\httpcore5-h2\5.1.3\httpcore5-h2-5.1.3.jar;C:\Users\iqbal\.m2\repository\org\apache\poi\poi\5.2.3\poi-5.2.3.jar;C:\Users\iqbal\.m2\repository\commons-codec\commons-codec\1.15\commons-codec-1.15.jar;C:\Users\iqbal\.m2\repository\org\apache\commons\commons-collections4\4.4\commons-collections4-4.4.jar;C:\Users\iqbal\.m2\repository\org\apache\commons\commons-math3\3.6.1\commons-math3-3.6.1.jar;C:\Users\iqbal\.m2\repository\com\zaxxer\SparseBitSet\1.2\SparseBitSet-1.2.jar;C:\Users\iqbal\.m2\repository\org\apache\logging\log4j\log4j-api\2.18.0\log4j-api-2.18.0.jar;C:\Users\iqbal\.m2\repository\org\apache\poi\poi-ooxml\5.2.3\poi-ooxml-5.2.3.jar;C:\Users\iqbal\.m2\repository\org\apache\poi\poi-ooxml-lite\5.2.3\poi-ooxml-lite-5.2.3.jar;C:\Users\iqbal\.m2\repository\org\apache\xmlbeans\xmlbeans\5.1.1\xmlbeans-5.1.1.jar;C:\Users\iqbal\.m2\repository\org\apache\commons\commons-compress\1.21\commons-compress-1.21.jar;C:\Users\iqbal\.m2\repository\com\github\virtuald\curvesapi\1.07\curvesapi-1.07.jar;C:\Users\iqbal\.m2\repository\mysql\mysql-connector-java\8.0.30\mysql-connector-java-8.0.30.jar;C:\Users\iqbal\.m2\repository\com\google\protobuf\protobuf-java\3.19.4\protobuf-java-3.19.4.jar;C:\Users\iqbal\.m2\repository\commons-io\commons-io\2.11.0\commons-io-2.11.0.jar;C:\Users\iqbal\.m2\repository\org\yaml\snakeyaml\1.33\snakeyaml-1.33.jar;C:\Users\iqbal\.m2\repository\log4j\log4j\1.2.17\log4j-1.2.17.jar;C:\Users\iqbal\.m2\repository\net\datafaker\datafaker\1.8.0\datafaker-1.8.0.jar;C:\Users\iqbal\.m2\repository\com\github\mifmif\generex\1.0.2\generex-1.0.2.jar;C:\Users\iqbal\.m2\repository\dk\brics\automaton\automaton\1.11-8\automaton-1.11-8.jar;"/>
    <property name="sun.cpu.endian" value="little"/>
    <property name="user.home" value="C:\Users\iqbal"/>
    <property name="user.language" value="en"/>
    <property name="java.specification.vendor" value="Oracle Corporation"/>
    <property name="java.version.date" value="2022-10-18"/>
    <property name="java.home" value="C:\Users\iqbal\.p2\pool\plugins\org.eclipse.justj.openjdk.hotspot.jre.full.win32.x86_64_17.0.5.v20221102-0933\jre"/>
    <property name="file.separator" value="\"/>
    <property name="style.color" value="always"/>
    <property name="basedir" value="C:\Users\iqbal\eclipse-workspace\tek-bdd-framework"/>
    <property name="java.vm.compressedOopsMode" value="Zero based"/>
    <property name="line.separator" value="&#10;"/>
    <property name="java.vm.specification.vendor" value="Oracle Corporation"/>
    <property name="java.specification.name" value="Java Platform API Specification"/>
    <property name="surefire.real.class.path" value="C:\Users\iqbal\AppData\Local\Temp\surefire5738607917420179574\surefirebooter-20230227171412934_3.jar"/>
    <property name="user.script" value=""/>
    <property name="sun.management.compiler" value="HotSpot 64-Bit Tiered Compilers"/>
    <property name="java.runtime.version" value="17.0.5+8"/>
    <property name="user.name" value="iqbal"/>
    <property name="path.separator" value=";"/>
    <property name="os.version" value="10.0"/>
    <property name="java.runtime.name" value="OpenJDK Runtime Environment"/>
    <property name="file.encoding" value="Cp1252"/>
    <property name="java.vm.name" value="OpenJDK 64-Bit Server VM"/>
    <property name="java.vendor.version" value="Temurin-17.0.5+8"/>
    <property name="localRepository" value="C:\Users\iqbal\.m2\repository"/>
    <property name="java.vendor.url.bug" value="https://github.com/adoptium/adoptium-support/issues"/>
    <property name="java.io.tmpdir" value="C:\Users\iqbal\AppData\Local\Temp\"/>
    <property name="java.version" value="17.0.5"/>
    <property name="user.dir" value="C:\Users\iqbal\eclipse-workspace\tek-bdd-framework"/>
    <property name="os.arch" value="amd64"/>
    <property name="java.vm.specification.name" value="Java Virtual Machine Specification"/>
    <property name="sun.os.patch.level" value=""/>
    <property name="native.encoding" value="Cp1252"/>
    <property name="java.library.path" value="C:\Users\iqbal\.p2\pool\plugins\org.eclipse.justj.openjdk.hotspot.jre.full.win32.x86_64_17.0.5.v20221102-0933\jre\bin;C:\Windows\Sun\Java\bin;C:\Windows\system32;C:\Windows;C:/Users/iqbal/.p2/pool/plugins/org.eclipse.justj.openjdk.hotspot.jre.full.win32.x86_64_17.0.5.v20221102-0933/jre/bin/server;C:/Users/iqbal/.p2/pool/plugins/org.eclipse.justj.openjdk.hotspot.jre.full.win32.x86_64_17.0.5.v20221102-0933/jre/bin;C:\Windows\system32;C:\Windows;C:\Windows\System32\Wbem;C:\Windows\System32\WindowsPowerShell\v1.0\;C:\Windows\System32\OpenSSH\;C:\Program Files\dotnet\;C:\Users\iqbal\Downloads\apache-maven-3.8.7-bin (1)\apache-maven-3.8.7\bin;C:\Program Files\Git\cmd;C:\Users\iqbal\AppData\Local\Microsoft\WindowsApps;;C:\Windows\System32;;."/>
    <property name="java.vm.info" value="mixed mode"/>
    <property name="java.vendor" value="Eclipse Adoptium"/>
    <property name="java.vm.version" value="17.0.5+8"/>
    <property name="sun.io.unicode.encoding" value="UnicodeLittle"/>
    <property name="java.class.version" value="61.0"/>
  </properties>
  <testcase name="Verify user can search a product" classname="Retail Home feature" time="3.35">
    <system-out><![CDATA[
@smokeTest
Scenario: Verify user can search a product # features/Home.feature:5
 INFO [main] (RetailHomeSteps.java:26)- User is on retail website
 INFO [main] (RetailHomeSteps.java:27)- Actual Title React AppEquals ExpectedTitle React App
  Given User is on retail website          # tek.sdet.framework.steps.RetailHomeSteps.userIsOnRetailWebsite()
 INFO [main] (RetailHomeSteps.java:36)- user search for product pokemon
  When User search for "pokemon" product   # tek.sdet.framework.steps.RetailHomeSteps.userSearchForProduct(java.lang.String)
 INFO [main] (RetailHomeSteps.java:43)- the product is displayed on home page
  Then The product should be displayed     # tek.sdet.framework.steps.RetailHomeSteps.theProductShouldBeDisplayed()
]]></system-out>
    <system-err><![CDATA[SLF4J: Failed to load class "org.slf4j.impl.StaticLoggerBinder".
SLF4J: Defaulting to no-operation (NOP) logger implementation
SLF4J: See http://www.slf4j.org/codes.html#StaticLoggerBinder for further details.
ERROR StatusLogger Log4j2 could not find a logging implementation. Please add log4j-core to the classpath. Using SimpleLogger to log to the console...
Starting ChromeDriver 110.0.5481.77 (65ed616c6e8ee3fe0ad64fe83796c020644d42af-refs/branch-heads/5481@{#839}) on port 60790
Only local connections are allowed.
Please see https://chromedriver.chromium.org/security-considerations for suggestions on keeping ChromeDriver safe.
ChromeDriver was started successfully.
[1677536055.904][WARNING]: virtual void DevToolsClientImpl::AddListener(DevToolsEventListener *) subscribing a listener to the already connected DevToolsClient. Connection notification will not arrive.
Feb 27, 2023 5:14:15 PM org.openqa.selenium.remote.ProtocolHandshake createSession
INFO: Detected upstream dialect: W3C
Feb 27, 2023 5:14:16 PM org.openqa.selenium.devtools.CdpVersionFinder findNearestMatch
WARNING: Unable to find an exact match for CDP version 110, so returning the closest version found: a no-op implementation
Feb 27, 2023 5:14:16 PM org.openqa.selenium.devtools.CdpVersionFinder findNearestMatch
INFO: Unable to find CDP implementation matching 110.
Feb 27, 2023 5:14:16 PM org.openqa.selenium.chromium.ChromiumDriver lambda$new$3
WARNING: Unable to find version of CDP to use for . You may need to include a dependency on a specific version of the CDP using something similar to `org.seleniumhq.selenium:selenium-devtools-v86:4.4.0` where the version ("v86") matches the version of the chromium-based browser you're using and the version number of the artifact is the same as Selenium's.
]]></system-err>
  </testcase>
  <testcase name="Verify Shop by Department sidebar" classname="Retail Home feature" time="1.925">
    <system-out><![CDATA[
@smokeTest
Scenario: Verify Shop by Department sidebar                    # features/Home.feature:11
 INFO [main] (RetailHomeSteps.java:26)- User is on retail website
 INFO [main] (RetailHomeSteps.java:27)- Actual Title React AppEquals ExpectedTitle React App
  Given User is on retail website                              # tek.sdet.framework.steps.RetailHomeSteps.userIsOnRetailWebsite()
 INFO [main] (RetailHomeSteps.java:50)- User clicked on All section
  When User click on All section                               # tek.sdet.framework.steps.RetailHomeSteps.userClickOnAllSection()
 INFO [main] (RetailHomeSteps.java:63)- Electronics : is eqaul to: Electronics
 INFO [main] (RetailHomeSteps.java:63)- Computers : is eqaul to: Computers
 INFO [main] (RetailHomeSteps.java:63)- Smart Home : is eqaul to: Smart Home
 INFO [main] (RetailHomeSteps.java:63)- Sports : is eqaul to: Sports
 INFO [main] (RetailHomeSteps.java:63)- Automative : is eqaul to: Automative
  Then below options are present in shop by department sidebar # tek.sdet.framework.steps.RetailHomeSteps.belowOptionsArePresentInShopByDepartmentSidebar(io.cucumber.datatable.DataTable)
    | Electronics | Computers | Smart Home | Sports | Automative |
]]></system-out>
    <system-err><![CDATA[Starting ChromeDriver 110.0.5481.77 (65ed616c6e8ee3fe0ad64fe83796c020644d42af-refs/branch-heads/5481@{#839}) on port 52331
Only local connections are allowed.
Please see https://chromedriver.chromium.org/security-considerations for suggestions on keeping ChromeDriver safe.
ChromeDriver was started successfully.
[1677536058.078][WARNING]: virtual void DevToolsClientImpl::AddListener(DevToolsEventListener *) subscribing a listener to the already connected DevToolsClient. Connection notification will not arrive.
Feb 27, 2023 5:14:18 PM org.openqa.selenium.remote.ProtocolHandshake createSession
INFO: Detected upstream dialect: W3C
Feb 27, 2023 5:14:18 PM org.openqa.selenium.devtools.CdpVersionFinder findNearestMatch
WARNING: Unable to find an exact match for CDP version 110, so returning the closest version found: a no-op implementation
Feb 27, 2023 5:14:18 PM org.openqa.selenium.devtools.CdpVersionFinder findNearestMatch
INFO: Unable to find CDP implementation matching 110.
Feb 27, 2023 5:14:18 PM org.openqa.selenium.chromium.ChromiumDriver lambda$new$3
WARNING: Unable to find version of CDP to use for . You may need to include a dependency on a specific version of the CDP using something similar to `org.seleniumhq.selenium:selenium-devtools-v86:4.4.0` where the version ("v86") matches the version of the chromium-based browser you're using and the version number of the artifact is the same as Selenium's.
]]></system-err>
  </testcase>
  <testcase name="Verify Department sidebar option #1" classname="Retail Home feature" time="1.79">
    <system-out><![CDATA[
@smokeTest
Scenario Outline: Verify Department sidebar option # features/Home.feature:27
 INFO [main] (RetailHomeSteps.java:26)- User is on retail website
 INFO [main] (RetailHomeSteps.java:27)- Actual Title React AppEquals ExpectedTitle React App
  Given User is on retail website                  # tek.sdet.framework.steps.RetailHomeSteps.userIsOnRetailWebsite()
 INFO [main] (RetailHomeSteps.java:50)- User clicked on All section
  When User click on All section                   # tek.sdet.framework.steps.RetailHomeSteps.userClickOnAllSection()
  And User is on 'Electrinocs'                     # tek.sdet.framework.steps.RetailHomeSteps.userOnElectrinocs(java.lang.String)
  Then below options are present in department     # tek.sdet.framework.steps.RetailHomeSteps.belowOptionsArePresentInDepartment(io.cucumber.datatable.DataTable)
    | TV & Video | Video Game |
]]></system-out>
    <system-err><![CDATA[Starting ChromeDriver 110.0.5481.77 (65ed616c6e8ee3fe0ad64fe83796c020644d42af-refs/branch-heads/5481@{#839}) on port 63762
Only local connections are allowed.
Please see https://chromedriver.chromium.org/security-considerations for suggestions on keeping ChromeDriver safe.
ChromeDriver was started successfully.
[1677536060.032][WARNING]: virtual void DevToolsClientImpl::AddListener(DevToolsEventListener *) subscribing a listener to the already connected DevToolsClient. Connection notification will not arrive.
Feb 27, 2023 5:14:20 PM org.openqa.selenium.remote.ProtocolHandshake createSession
INFO: Detected upstream dialect: W3C
Feb 27, 2023 5:14:20 PM org.openqa.selenium.devtools.CdpVersionFinder findNearestMatch
WARNING: Unable to find an exact match for CDP version 110, so returning the closest version found: a no-op implementation
Feb 27, 2023 5:14:20 PM org.openqa.selenium.devtools.CdpVersionFinder findNearestMatch
INFO: Unable to find CDP implementation matching 110.
Feb 27, 2023 5:14:20 PM org.openqa.selenium.chromium.ChromiumDriver lambda$new$3
WARNING: Unable to find version of CDP to use for . You may need to include a dependency on a specific version of the CDP using something similar to `org.seleniumhq.selenium:selenium-devtools-v86:4.4.0` where the version ("v86") matches the version of the chromium-based browser you're using and the version number of the artifact is the same as Selenium's.
]]></system-err>
  </testcase>
  <testcase name="Verify Department sidebar option #2" classname="Retail Home feature" time="1.86">
    <system-out><![CDATA[
@smokeTest
Scenario Outline: Verify Department sidebar option # features/Home.feature:28
 INFO [main] (RetailHomeSteps.java:26)- User is on retail website
 INFO [main] (RetailHomeSteps.java:27)- Actual Title React AppEquals ExpectedTitle React App
  Given User is on retail website                  # tek.sdet.framework.steps.RetailHomeSteps.userIsOnRetailWebsite()
 INFO [main] (RetailHomeSteps.java:50)- User clicked on All section
  When User click on All section                   # tek.sdet.framework.steps.RetailHomeSteps.userClickOnAllSection()
  And User is on 'Smart Home'                      # tek.sdet.framework.steps.RetailHomeSteps.userOnElectrinocs(java.lang.String)
 INFO [main] (RetailHomeSteps.java:99)- Smart Home Lightning(Is present)
 INFO [main] (RetailHomeSteps.java:99)- Plugs and Outlets(Is present)
  Then below options are present in department     # tek.sdet.framework.steps.RetailHomeSteps.belowOptionsArePresentInDepartment(io.cucumber.datatable.DataTable)
    | Smart Home Lightning | Plugs and Outlets |
]]></system-out>
    <system-err><![CDATA[Starting ChromeDriver 110.0.5481.77 (65ed616c6e8ee3fe0ad64fe83796c020644d42af-refs/branch-heads/5481@{#839}) on port 56655
Only local connections are allowed.
Please see https://chromedriver.chromium.org/security-considerations for suggestions on keeping ChromeDriver safe.
ChromeDriver was started successfully.
[1677536061.798][WARNING]: virtual void DevToolsClientImpl::AddListener(DevToolsEventListener *) subscribing a listener to the already connected DevToolsClient. Connection notification will not arrive.
Feb 27, 2023 5:14:21 PM org.openqa.selenium.remote.ProtocolHandshake createSession
INFO: Detected upstream dialect: W3C
Feb 27, 2023 5:14:21 PM org.openqa.selenium.devtools.CdpVersionFinder findNearestMatch
WARNING: Unable to find an exact match for CDP version 110, so returning the closest version found: a no-op implementation
Feb 27, 2023 5:14:21 PM org.openqa.selenium.devtools.CdpVersionFinder findNearestMatch
INFO: Unable to find CDP implementation matching 110.
Feb 27, 2023 5:14:21 PM org.openqa.selenium.chromium.ChromiumDriver lambda$new$3
WARNING: Unable to find version of CDP to use for . You may need to include a dependency on a specific version of the CDP using something similar to `org.seleniumhq.selenium:selenium-devtools-v86:4.4.0` where the version ("v86") matches the version of the chromium-based browser you're using and the version number of the artifact is the same as Selenium's.
]]></system-err>
  </testcase>
  <testcase name="Verify Department sidebar option #3" classname="Retail Home feature" time="1.796">
    <system-out><![CDATA[
@smokeTest
Scenario Outline: Verify Department sidebar option # features/Home.feature:29
 INFO [main] (RetailHomeSteps.java:26)- User is on retail website
 INFO [main] (RetailHomeSteps.java:27)- Actual Title React AppEquals ExpectedTitle React App
  Given User is on retail website                  # tek.sdet.framework.steps.RetailHomeSteps.userIsOnRetailWebsite()
 INFO [main] (RetailHomeSteps.java:50)- User clicked on All section
  When User click on All section                   # tek.sdet.framework.steps.RetailHomeSteps.userClickOnAllSection()
  And User is on 'Sports'                          # tek.sdet.framework.steps.RetailHomeSteps.userOnElectrinocs(java.lang.String)
 INFO [main] (RetailHomeSteps.java:99)- Athletic Clothing(Is present)
 INFO [main] (RetailHomeSteps.java:99)- Exercise & Fitness(Is present)
  Then below options are present in department     # tek.sdet.framework.steps.RetailHomeSteps.belowOptionsArePresentInDepartment(io.cucumber.datatable.DataTable)
    | Athletic Clothing | Exercise & Fitness |
]]></system-out>
    <system-err><![CDATA[Starting ChromeDriver 110.0.5481.77 (65ed616c6e8ee3fe0ad64fe83796c020644d42af-refs/branch-heads/5481@{#839}) on port 52354
Only local connections are allowed.
Please see https://chromedriver.chromium.org/security-considerations for suggestions on keeping ChromeDriver safe.
ChromeDriver was started successfully.
[1677536063.623][WARNING]: virtual void DevToolsClientImpl::AddListener(DevToolsEventListener *) subscribing a listener to the already connected DevToolsClient. Connection notification will not arrive.
Feb 27, 2023 5:14:23 PM org.openqa.selenium.remote.ProtocolHandshake createSession
INFO: Detected upstream dialect: W3C
Feb 27, 2023 5:14:23 PM org.openqa.selenium.devtools.CdpVersionFinder findNearestMatch
WARNING: Unable to find an exact match for CDP version 110, so returning the closest version found: a no-op implementation
Feb 27, 2023 5:14:23 PM org.openqa.selenium.devtools.CdpVersionFinder findNearestMatch
INFO: Unable to find CDP implementation matching 110.
Feb 27, 2023 5:14:23 PM org.openqa.selenium.chromium.ChromiumDriver lambda$new$3
WARNING: Unable to find version of CDP to use for . You may need to include a dependency on a specific version of the CDP using something similar to `org.seleniumhq.selenium:selenium-devtools-v86:4.4.0` where the version ("v86") matches the version of the chromium-based browser you're using and the version number of the artifact is the same as Selenium's.
]]></system-err>
  </testcase>
  <testcase name="Verify Department sidebar option #4" classname="Retail Home feature" time="1.968">
    <system-out><![CDATA[
@smokeTest
Scenario Outline: Verify Department sidebar option # features/Home.feature:30
 INFO [main] (RetailHomeSteps.java:26)- User is on retail website
 INFO [main] (RetailHomeSteps.java:27)- Actual Title React AppEquals ExpectedTitle React App
  Given User is on retail website                  # tek.sdet.framework.steps.RetailHomeSteps.userIsOnRetailWebsite()
 INFO [main] (RetailHomeSteps.java:50)- User clicked on All section
  When User click on All section                   # tek.sdet.framework.steps.RetailHomeSteps.userClickOnAllSection()
  And User is on 'Automative'                      # tek.sdet.framework.steps.RetailHomeSteps.userOnElectrinocs(java.lang.String)
 INFO [main] (RetailHomeSteps.java:99)- Automative Parts & Accessories(Is present)
  Then below options are present in department     # tek.sdet.framework.steps.RetailHomeSteps.belowOptionsArePresentInDepartment(io.cucumber.datatable.DataTable)
    | Automative Parts & Accessories | MotoCycle & Powersports |
]]></system-out>
    <system-err><![CDATA[Starting ChromeDriver 110.0.5481.77 (65ed616c6e8ee3fe0ad64fe83796c020644d42af-refs/branch-heads/5481@{#839}) on port 57229
Only local connections are allowed.
Please see https://chromedriver.chromium.org/security-considerations for suggestions on keeping ChromeDriver safe.
ChromeDriver was started successfully.
[1677536065.559][WARNING]: virtual void DevToolsClientImpl::AddListener(DevToolsEventListener *) subscribing a listener to the already connected DevToolsClient. Connection notification will not arrive.
Feb 27, 2023 5:14:25 PM org.openqa.selenium.remote.ProtocolHandshake createSession
INFO: Detected upstream dialect: W3C
Feb 27, 2023 5:14:25 PM org.openqa.selenium.devtools.CdpVersionFinder findNearestMatch
WARNING: Unable to find an exact match for CDP version 110, so returning the closest version found: a no-op implementation
Feb 27, 2023 5:14:25 PM org.openqa.selenium.devtools.CdpVersionFinder findNearestMatch
INFO: Unable to find CDP implementation matching 110.
Feb 27, 2023 5:14:25 PM org.openqa.selenium.chromium.ChromiumDriver lambda$new$3
WARNING: Unable to find version of CDP to use for . You may need to include a dependency on a specific version of the CDP using something similar to `org.seleniumhq.selenium:selenium-devtools-v86:4.4.0` where the version ("v86") matches the version of the chromium-based browser you're using and the version number of the artifact is the same as Selenium's.
]]></system-err>
  </testcase>
  <testcase name="Verify User can add an item to cart" classname="Retail Home feature" time="2.878">
    <system-out><![CDATA[
@smokeTest
Scenario: Verify User can add an item to cart                               # features/Home.feature:32
 INFO [main] (RetailHomeSteps.java:26)- User is on retail website
 INFO [main] (RetailHomeSteps.java:27)- Actual Title React AppEquals ExpectedTitle React App
  Given User is on retail website                                           # tek.sdet.framework.steps.RetailHomeSteps.userIsOnRetailWebsite()
 INFO [main] (SignInSteps.java:18)- User click on Sign in option
  When User click on Sign in option                                         # tek.sdet.framework.steps.SignInSteps.userClickOnSignInOption()
 INFO [main] (SignInSteps.java:25)- User entered email shukria.iqbal@tekschool.us and password Tek@2221
  And User enter email 'shukria.iqbal@tekschool.us' and password 'Tek@2221' # tek.sdet.framework.steps.SignInSteps.userEnterEmailAndPassword(java.lang.String,java.lang.String)
 INFO [main] (SignInSteps.java:31)- User click on login button
  And User click on login button                                            # tek.sdet.framework.steps.SignInSteps.userClickOnLoginButton()
  And User should be logged in into Account                                 # tek.sdet.framework.steps.AccountSteps.userShouldBeLoggedInIntoAccount()
 INFO [main] (RetailHomeSteps.java:108)- User changed the category to Smart Home
  And User change the category to 'Smart Home'                              # tek.sdet.framework.steps.RetailHomeSteps.userChangeTheCategoryTo(java.lang.String)
 INFO [main] (RetailHomeSteps.java:115)- User searched for an itemkasa outdoor smart plug
  And User search for an item 'kasa outdoor smart plug'                     # tek.sdet.framework.steps.RetailHomeSteps.userSearchForAnItem(java.lang.String)
 INFO [main] (RetailHomeSteps.java:120)- User clicked on Search icon
  And User click on Search icon                                             # tek.sdet.framework.steps.RetailHomeSteps.userClickOnSearchIcon()
 INFO [main] (RetailHomeSteps.java:126)- User clicked on item to search it
  And User click on item                                                    # tek.sdet.framework.steps.RetailHomeSteps.userClickOnItem()
  And User select quantity '2'                                              # tek.sdet.framework.steps.RetailHomeSteps.userSelectQuantity(java.lang.String)
 INFO [main] (RetailHomeSteps.java:136)- User added items on the cart
  And User click add to Cart button                                         # tek.sdet.framework.steps.RetailHomeSteps.userClickAddToCartButton()
  Then the cart icon quantity should change to '2'                          # tek.sdet.framework.steps.RetailHomeSteps.theCartIconQuantityShouldChangeTo(java.lang.String)
]]></system-out>
    <system-err><![CDATA[Starting ChromeDriver 110.0.5481.77 (65ed616c6e8ee3fe0ad64fe83796c020644d42af-refs/branch-heads/5481@{#839}) on port 52858
Only local connections are allowed.
Please see https://chromedriver.chromium.org/security-considerations for suggestions on keeping ChromeDriver safe.
ChromeDriver was started successfully.
[1677536067.395][WARNING]: virtual void DevToolsClientImpl::AddListener(DevToolsEventListener *) subscribing a listener to the already connected DevToolsClient. Connection notification will not arrive.
Feb 27, 2023 5:14:27 PM org.openqa.selenium.remote.ProtocolHandshake createSession
INFO: Detected upstream dialect: W3C
Feb 27, 2023 5:14:27 PM org.openqa.selenium.devtools.CdpVersionFinder findNearestMatch
WARNING: Unable to find an exact match for CDP version 110, so returning the closest version found: a no-op implementation
Feb 27, 2023 5:14:27 PM org.openqa.selenium.devtools.CdpVersionFinder findNearestMatch
INFO: Unable to find CDP implementation matching 110.
Feb 27, 2023 5:14:27 PM org.openqa.selenium.chromium.ChromiumDriver lambda$new$3
WARNING: Unable to find version of CDP to use for . You may need to include a dependency on a specific version of the CDP using something similar to `org.seleniumhq.selenium:selenium-devtools-v86:4.4.0` where the version ("v86") matches the version of the chromium-based browser you're using and the version number of the artifact is the same as Selenium's.
]]></system-err>
  </testcase>
  <testcase name="Verify User can place an order without Shipping address and payment Method on file" classname="Retail Home feature" time="4.691">
    <system-out><![CDATA[
@smokeTest
Scenario: Verify User can place an order without Shipping address and payment Method on file # features/Home.feature:46
 INFO [main] (RetailHomeSteps.java:26)- User is on retail website
 INFO [main] (RetailHomeSteps.java:27)- Actual Title React AppEquals ExpectedTitle React App
  Given User is on retail website                                                            # tek.sdet.framework.steps.RetailHomeSteps.userIsOnRetailWebsite()
 INFO [main] (SignInSteps.java:18)- User click on Sign in option
  When User click on Sign in option                                                          # tek.sdet.framework.steps.SignInSteps.userClickOnSignInOption()
 INFO [main] (SignInSteps.java:25)- User entered email shukria.iqbal@tekschool.us and password Tek@2221
  And User enter email 'shukria.iqbal@tekschool.us' and password 'Tek@2221'                  # tek.sdet.framework.steps.SignInSteps.userEnterEmailAndPassword(java.lang.String,java.lang.String)
 INFO [main] (SignInSteps.java:31)- User click on login button
  And User click on login button                                                             # tek.sdet.framework.steps.SignInSteps.userClickOnLoginButton()
  And User should be logged in into Account                                                  # tek.sdet.framework.steps.AccountSteps.userShouldBeLoggedInIntoAccount()
 INFO [main] (RetailHomeSteps.java:108)- User changed the category to Smart Home
  And User change the category to 'Smart Home'                                               # tek.sdet.framework.steps.RetailHomeSteps.userChangeTheCategoryTo(java.lang.String)
 INFO [main] (RetailHomeSteps.java:115)- User searched for an itemkasa outdoor smart plug
  And User search for an item 'kasa outdoor smart plug'                                      # tek.sdet.framework.steps.RetailHomeSteps.userSearchForAnItem(java.lang.String)
 INFO [main] (RetailHomeSteps.java:120)- User clicked on Search icon
  And User click on Search icon                                                              # tek.sdet.framework.steps.RetailHomeSteps.userClickOnSearchIcon()
 INFO [main] (RetailHomeSteps.java:162)- User clicked on Item
  And User Click On item                                                                     # tek.sdet.framework.steps.RetailHomeSteps.UserClickOnItem()
  And User select quantity '2'                                                               # tek.sdet.framework.steps.RetailHomeSteps.userSelectQuantity(java.lang.String)
 INFO [main] (RetailHomeSteps.java:136)- User added items on the cart
  And User click add to Cart button                                                          # tek.sdet.framework.steps.RetailHomeSteps.userClickAddToCartButton()
  Then the cart icon quantity should change to '2'                                           # tek.sdet.framework.steps.RetailHomeSteps.theCartIconQuantityShouldChangeTo(java.lang.String)
 INFO [main] (RetailHomeSteps.java:167)- User clicked on Cart Option
  And User click on Cart option                                                              # tek.sdet.framework.steps.RetailHomeSteps.userClickOnCartOption()
 INFO [main] (RetailHomeSteps.java:173)- User clicked on proceed to check out
  And User click on proceed to checkout button                                               # tek.sdet.framework.steps.RetailHomeSteps.userClickOnProceedToCheckoutButton()
 INFO [main] (RetailHomeSteps.java:179)- User clicked on new address link
  And User click Add a new address link for shipping address                                 # tek.sdet.framework.steps.RetailHomeSteps.userClickAddANewAddressLinkForShippingAddress()
 INFO [main] (AccountSteps.java:164)- User filled new address form with below information
  And User fill new address form with below information                                      # tek.sdet.framework.steps.AccountSteps.UserFillNewAddressFormWithBelowInformation(io.cucumber.datatable.DataTable)
    | Country       | Fullname | PhoneNumber | StreetAddress       | Apt  | City       | State    | ZipCode |
    | United States | Gul Jan  | 7000778897  | 4654 Chantilly BLVD | 2323 | Alexandria | Virginia | 33201   |
 INFO [main] (RetailHomeSteps.java:184)- User clicked add your address button
  And User click Add Your Address button                                                     # tek.sdet.framework.steps.RetailHomeSteps.userClickAddYourAddressButton()
 INFO [main] (RetailHomeSteps.java:190)- User clicked on add payment method
  And User click Add a credit card or Debit Card for Payment method                          # tek.sdet.framework.steps.RetailHomeSteps.userClickAddACreditCardOrDebitCardForPaymentMethod()
 INFO [main] (AccountSteps.java:72)- User fill Debit or credit card information
  And User fill Debit or Credit Card information                                             # tek.sdet.framework.steps.AccountSteps.userFillDebitOrCreditCardInformation(io.cucumber.datatable.DataTable)
    | cardNumber       | nameOnCard | expirationMonth | expirationYear | securityCode |
    | 0045032112300321 | sherin Jan | 12              | 2025           | 234          |
 INFO [main] (RetailHomeSteps.java:197)- User added the cart to the account
  And User click on add your card button                                                     # tek.sdet.framework.steps.RetailHomeSteps.userClickOnAddYourCardButton()
 INFO [main] (RetailHomeSteps.java:202)- User placed the order
  And User click on Place Your Order                                                         # tek.sdet.framework.steps.RetailHomeSteps.userClickOnPlaceYourOrder()
 INFO [main] (RetailHomeSteps.java:208)- Message was displayed Thank you for shopping
  Then a Message Should be Displayed For order purpose 'Order Placed, Thanks'                # tek.sdet.framework.steps.RetailHomeSteps.aMessageShouldBeDisplayedForOrderPurpose(java.lang.String)
]]></system-out>
    <system-err><![CDATA[Starting ChromeDriver 110.0.5481.77 (65ed616c6e8ee3fe0ad64fe83796c020644d42af-refs/branch-heads/5481@{#839}) on port 55092
Only local connections are allowed.
Please see https://chromedriver.chromium.org/security-considerations for suggestions on keeping ChromeDriver safe.
ChromeDriver was started successfully.
[1677536070.273][WARNING]: virtual void DevToolsClientImpl::AddListener(DevToolsEventListener *) subscribing a listener to the already connected DevToolsClient. Connection notification will not arrive.
Feb 27, 2023 5:14:30 PM org.openqa.selenium.remote.ProtocolHandshake createSession
INFO: Detected upstream dialect: W3C
Feb 27, 2023 5:14:30 PM org.openqa.selenium.devtools.CdpVersionFinder findNearestMatch
WARNING: Unable to find an exact match for CDP version 110, so returning the closest version found: a no-op implementation
Feb 27, 2023 5:14:30 PM org.openqa.selenium.devtools.CdpVersionFinder findNearestMatch
INFO: Unable to find CDP implementation matching 110.
Feb 27, 2023 5:14:30 PM org.openqa.selenium.chromium.ChromiumDriver lambda$new$3
WARNING: Unable to find version of CDP to use for . You may need to include a dependency on a specific version of the CDP using something similar to `org.seleniumhq.selenium:selenium-devtools-v86:4.4.0` where the version ("v86") matches the version of the chromium-based browser you're using and the version number of the artifact is the same as Selenium's.
]]></system-err>
  </testcase>
  <testcase name="Verify User can place an order with Shipping address and payment Method on file" classname="Retail Home feature" time="3.179">
    <system-out><![CDATA[
@smokeTest
Scenario: Verify User can place an order with Shipping address and payment Method on file # features/Home.feature:74
 INFO [main] (RetailHomeSteps.java:26)- User is on retail website
 INFO [main] (RetailHomeSteps.java:27)- Actual Title React AppEquals ExpectedTitle React App
  Given User is on retail website                                                         # tek.sdet.framework.steps.RetailHomeSteps.userIsOnRetailWebsite()
 INFO [main] (SignInSteps.java:18)- User click on Sign in option
  When User click on Sign in option                                                       # tek.sdet.framework.steps.SignInSteps.userClickOnSignInOption()
 INFO [main] (SignInSteps.java:25)- User entered email shukria.iqbal@tekschool.us and password Tek@2221
  And User enter email 'shukria.iqbal@tekschool.us' and password 'Tek@2221'               # tek.sdet.framework.steps.SignInSteps.userEnterEmailAndPassword(java.lang.String,java.lang.String)
 INFO [main] (SignInSteps.java:31)- User click on login button
  And User click on login button                                                          # tek.sdet.framework.steps.SignInSteps.userClickOnLoginButton()
  And User should be logged in into Account                                               # tek.sdet.framework.steps.AccountSteps.userShouldBeLoggedInIntoAccount()
 INFO [main] (RetailHomeSteps.java:108)- User changed the category to Smart Home
  And User change the category to 'Electronics'                                           # tek.sdet.framework.steps.RetailHomeSteps.userChangeTheCategoryTo(java.lang.String)
 INFO [main] (RetailHomeSteps.java:115)- User searched for an itemApex Legends
  And User search for an item 'Apex Legends'                                              # tek.sdet.framework.steps.RetailHomeSteps.userSearchForAnItem(java.lang.String)
 INFO [main] (RetailHomeSteps.java:120)- User clicked on Search icon
  And User click on Search icon                                                           # tek.sdet.framework.steps.RetailHomeSteps.userClickOnSearchIcon()
 INFO [main] (RetailHomeSteps.java:156)- User clicked on the item
  And User click on the item                                                              # tek.sdet.framework.steps.RetailHomeSteps.userClickOnTheItem()
  And User select quantity '5'                                                            # tek.sdet.framework.steps.RetailHomeSteps.userSelectQuantity(java.lang.String)
 INFO [main] (RetailHomeSteps.java:136)- User added items on the cart
  And User click add to Cart button                                                       # tek.sdet.framework.steps.RetailHomeSteps.userClickAddToCartButton()
  Then the cart icon quantity should change to '5'                                        # tek.sdet.framework.steps.RetailHomeSteps.theCartIconQuantityShouldChangeTo(java.lang.String)
 INFO [main] (RetailHomeSteps.java:167)- User clicked on Cart Option
  And User click on Cart option                                                           # tek.sdet.framework.steps.RetailHomeSteps.userClickOnCartOption()
 INFO [main] (RetailHomeSteps.java:173)- User clicked on proceed to check out
  And User click on proceed to checkout button                                            # tek.sdet.framework.steps.RetailHomeSteps.userClickOnProceedToCheckoutButton()
 INFO [main] (RetailHomeSteps.java:202)- User placed the order
  And User click on Place Your Order                                                      # tek.sdet.framework.steps.RetailHomeSteps.userClickOnPlaceYourOrder()
]]></system-out>
    <system-err><![CDATA[Starting ChromeDriver 110.0.5481.77 (65ed616c6e8ee3fe0ad64fe83796c020644d42af-refs/branch-heads/5481@{#839}) on port 59734
Only local connections are allowed.
Please see https://chromedriver.chromium.org/security-considerations for suggestions on keeping ChromeDriver safe.
ChromeDriver was started successfully.
[1677536075.008][WARNING]: virtual void DevToolsClientImpl::AddListener(DevToolsEventListener *) subscribing a listener to the already connected DevToolsClient. Connection notification will not arrive.
Feb 27, 2023 5:14:35 PM org.openqa.selenium.remote.ProtocolHandshake createSession
INFO: Detected upstream dialect: W3C
Feb 27, 2023 5:14:35 PM org.openqa.selenium.devtools.CdpVersionFinder findNearestMatch
WARNING: Unable to find an exact match for CDP version 110, so returning the closest version found: a no-op implementation
Feb 27, 2023 5:14:35 PM org.openqa.selenium.devtools.CdpVersionFinder findNearestMatch
INFO: Unable to find CDP implementation matching 110.
Feb 27, 2023 5:14:35 PM org.openqa.selenium.chromium.ChromiumDriver lambda$new$3
WARNING: Unable to find version of CDP to use for . You may need to include a dependency on a specific version of the CDP using something similar to `org.seleniumhq.selenium:selenium-devtools-v86:4.4.0` where the version ("v86") matches the version of the chromium-based browser you're using and the version number of the artifact is the same as Selenium's.
]]></system-err>
  </testcase>
</testsuite>